
CommandNotFoundError: Your shell has not been properly configured to use 'conda activate'.
To initialize your shell, run

    $ conda init <SHELL_NAME>

Currently supported shells are:
  - bash
  - fish
  - tcsh
  - xonsh
  - zsh
  - powershell

See 'conda init --help' for more information and options.

IMPORTANT: You may need to close and restart your shell after running 'conda init'.


cp: cannot stat 'script_profile_prof.ksh': No such file or directory
chmod: cannot access 'script_profile_1.ksh': No such file or directory
sed: can't read script_profile_1.ksh: No such file or directory
cp: cannot stat 'script_profile_prof.ksh': No such file or directory
chmod: cannot access 'script_profile_2.ksh': No such file or directory
sed: can't read script_profile_2.ksh: No such file or directory
cp: cannot stat 'script_profile_prof.ksh': No such file or directory
chmod: cannot access 'script_profile_3.ksh': No such file or directory
sed: can't read script_profile_3.ksh: No such file or directory
cp: cannot stat 'script_profile_prof.ksh': No such file or directory
chmod: cannot access 'script_profile_4.ksh': No such file or directory
sed: can't read script_profile_4.ksh: No such file or directory
cp: cannot stat 'script_profile_prof.ksh': No such file or directory
chmod: cannot access 'script_profile_5.ksh': No such file or directory
sed: can't read script_profile_5.ksh: No such file or directory
cp: cannot stat 'script_profile_prof.ksh': No such file or directory
chmod: cannot access 'script_profile_6.ksh': No such file or directory
sed: can't read script_profile_6.ksh: No such file or directory
cp: cannot stat 'script_profile_prof.ksh': No such file or directory
chmod: cannot access 'script_profile_7.ksh': No such file or directory
sed: can't read script_profile_7.ksh: No such file or directory
cp: cannot stat 'script_profile_prof.ksh': No such file or directory
chmod: cannot access 'script_profile_8.ksh': No such file or directory
sed: can't read script_profile_8.ksh: No such file or directory
cp: cannot stat 'script_profile_prof.ksh': No such file or directory
chmod: cannot access 'script_profile_9.ksh': No such file or directory
sed: can't read script_profile_9.ksh: No such file or directory
cp: cannot stat 'script_profile_prof.ksh': No such file or directory
chmod: cannot access 'script_profile_10.ksh': No such file or directory
sed: can't read script_profile_10.ksh: No such file or directory
cp: cannot stat 'script_profile_prof.ksh': No such file or directory
chmod: cannot access 'script_profile_11.ksh': No such file or directory
sed: can't read script_profile_11.ksh: No such file or directory
cp: cannot stat 'script_profile_prof.ksh': No such file or directory
chmod: cannot access 'script_profile_12.ksh': No such file or directory
sed: can't read script_profile_12.ksh: No such file or directory
cp: cannot stat 'script_profile_prof.ksh': No such file or directory
chmod: cannot access 'script_profile_13.ksh': No such file or directory
sed: can't read script_profile_13.ksh: No such file or directory
cp: cannot stat 'script_profile_prof.ksh': No such file or directory
chmod: cannot access 'script_profile_14.ksh': No such file or directory
sed: can't read script_profile_14.ksh: No such file or directory
cp: cannot stat 'script_profile_prof.ksh': No such file or directory
chmod: cannot access 'script_profile_15.ksh': No such file or directory
sed: can't read script_profile_15.ksh: No such file or directory
cp: cannot stat 'script_profile_prof.ksh': No such file or directory
chmod: cannot access 'script_profile_16.ksh': No such file or directory
sed: can't read script_profile_16.ksh: No such file or directory
cp: cannot stat 'script_profile_prof.ksh': No such file or directory
chmod: cannot access 'script_profile_17.ksh': No such file or directory
sed: can't read script_profile_17.ksh: No such file or directory
cp: cannot stat 'script_profile_prof.ksh': No such file or directory
chmod: cannot access 'script_profile_18.ksh': No such file or directory
sed: can't read script_profile_18.ksh: No such file or directory
cp: cannot stat 'script_profile_prof.ksh': No such file or directory
chmod: cannot access 'script_profile_19.ksh': No such file or directory
sed: can't read script_profile_19.ksh: No such file or directory
cp: cannot stat 'script_profile_prof.ksh': No such file or directory
chmod: cannot access 'script_profile_20.ksh': No such file or directory
sed: can't read script_profile_20.ksh: No such file or directory
cp: cannot stat 'script_profile_prof.ksh': No such file or directory
chmod: cannot access 'script_profile_21.ksh': No such file or directory
sed: can't read script_profile_21.ksh: No such file or directory
cp: cannot stat 'script_profile_prof.ksh': No such file or directory
chmod: cannot access 'script_profile_22.ksh': No such file or directory
sed: can't read script_profile_22.ksh: No such file or directory
cp: cannot stat 'script_profile_prof.ksh': No such file or directory
chmod: cannot access 'script_profile_23.ksh': No such file or directory
sed: can't read script_profile_23.ksh: No such file or directory
cp: cannot stat 'script_profile_prof.ksh': No such file or directory
chmod: cannot access 'script_profile_24.ksh': No such file or directory
sed: can't read script_profile_24.ksh: No such file or directory
cp: cannot stat 'script_profile_prof.ksh': No such file or directory
chmod: cannot access 'script_profile_25.ksh': No such file or directory
sed: can't read script_profile_25.ksh: No such file or directory
cp: cannot stat 'script_profile_prof.ksh': No such file or directory
chmod: cannot access 'script_profile_26.ksh': No such file or directory
sed: can't read script_profile_26.ksh: No such file or directory
cp: cannot stat 'script_profile_prof.ksh': No such file or directory
chmod: cannot access 'script_profile_27.ksh': No such file or directory
sed: can't read script_profile_27.ksh: No such file or directory
cp: cannot stat 'script_profile_prof.ksh': No such file or directory
chmod: cannot access 'script_profile_28.ksh': No such file or directory
sed: can't read script_profile_28.ksh: No such file or directory
cp: cannot stat 'script_profile_prof.ksh': No such file or directory
chmod: cannot access 'script_profile_29.ksh': No such file or directory
sed: can't read script_profile_29.ksh: No such file or directory
cp: cannot stat 'script_profile_prof.ksh': No such file or directory
chmod: cannot access 'script_profile_30.ksh': No such file or directory
sed: can't read script_profile_30.ksh: No such file or directory
cp: cannot stat 'script_profile_prof.ksh': No such file or directory
chmod: cannot access 'script_profile_31.ksh': No such file or directory
sed: can't read script_profile_31.ksh: No such file or directory
cp: cannot stat 'script_profile_prof.ksh': No such file or directory
chmod: cannot access 'script_profile_32.ksh': No such file or directory
sed: can't read script_profile_32.ksh: No such file or directory
cp: cannot stat 'script_profile_prof.ksh': No such file or directory
chmod: cannot access 'script_profile_33.ksh': No such file or directory
sed: can't read script_profile_33.ksh: No such file or directory
cp: cannot stat 'script_profile_prof.ksh': No such file or directory
chmod: cannot access 'script_profile_34.ksh': No such file or directory
sed: can't read script_profile_34.ksh: No such file or directory
cp: cannot stat 'script_profile_prof.ksh': No such file or directory
chmod: cannot access 'script_profile_35.ksh': No such file or directory
sed: can't read script_profile_35.ksh: No such file or directory
cp: cannot stat 'script_profile_prof.ksh': No such file or directory
chmod: cannot access 'script_profile_36.ksh': No such file or directory
sed: can't read script_profile_36.ksh: No such file or directory
cp: cannot stat 'script_profile_prof.ksh': No such file or directory
chmod: cannot access 'script_profile_37.ksh': No such file or directory
sed: can't read script_profile_37.ksh: No such file or directory
cp: cannot stat 'script_profile_prof.ksh': No such file or directory
chmod: cannot access 'script_profile_38.ksh': No such file or directory
sed: can't read script_profile_38.ksh: No such file or directory
cp: cannot stat 'script_profile_prof.ksh': No such file or directory
chmod: cannot access 'script_profile_39.ksh': No such file or directory
sed: can't read script_profile_39.ksh: No such file or directory
cp: cannot stat 'script_profile_prof.ksh': No such file or directory
chmod: cannot access 'script_profile_40.ksh': No such file or directory
sed: can't read script_profile_40.ksh: No such file or directory
cp: cannot stat 'script_profile_prof.ksh': No such file or directory
chmod: cannot access 'script_profile_41.ksh': No such file or directory
sed: can't read script_profile_41.ksh: No such file or directory
cp: cannot stat 'script_profile_prof.ksh': No such file or directory
chmod: cannot access 'script_profile_42.ksh': No such file or directory
sed: can't read script_profile_42.ksh: No such file or directory
cp: cannot stat 'script_profile_prof.ksh': No such file or directory
chmod: cannot access 'script_profile_43.ksh': No such file or directory
sed: can't read script_profile_43.ksh: No such file or directory
cp: cannot stat 'script_profile_prof.ksh': No such file or directory
chmod: cannot access 'script_profile_44.ksh': No such file or directory
sed: can't read script_profile_44.ksh: No such file or directory
cp: cannot stat 'script_profile_prof.ksh': No such file or directory
chmod: cannot access 'script_profile_45.ksh': No such file or directory
sed: can't read script_profile_45.ksh: No such file or directory
cp: cannot stat 'script_profile_prof.ksh': No such file or directory
chmod: cannot access 'script_profile_46.ksh': No such file or directory
sed: can't read script_profile_46.ksh: No such file or directory
cp: cannot stat 'script_profile_prof.ksh': No such file or directory
chmod: cannot access 'script_profile_47.ksh': No such file or directory
sed: can't read script_profile_47.ksh: No such file or directory
cp: cannot stat 'script_profile_prof.ksh': No such file or directory
chmod: cannot access 'script_profile_48.ksh': No such file or directory
sed: can't read script_profile_48.ksh: No such file or directory
cp: cannot stat 'script_profile_prof.ksh': No such file or directory
chmod: cannot access 'script_profile_49.ksh': No such file or directory
sed: can't read script_profile_49.ksh: No such file or directory
cp: cannot stat 'script_profile_prof.ksh': No such file or directory
chmod: cannot access 'script_profile_50.ksh': No such file or directory
sed: can't read script_profile_50.ksh: No such file or directory
cp: cannot stat 'script_profile_prof.ksh': No such file or directory
chmod: cannot access 'script_profile_51.ksh': No such file or directory
sed: can't read script_profile_51.ksh: No such file or directory
cp: cannot stat 'script_profile_prof.ksh': No such file or directory
chmod: cannot access 'script_profile_52.ksh': No such file or directory
sed: can't read script_profile_52.ksh: No such file or directory
cp: cannot stat 'script_profile_prof.ksh': No such file or directory
chmod: cannot access 'script_profile_53.ksh': No such file or directory
sed: can't read script_profile_53.ksh: No such file or directory
cp: cannot stat 'script_profile_prof.ksh': No such file or directory
chmod: cannot access 'script_profile_54.ksh': No such file or directory
sed: can't read script_profile_54.ksh: No such file or directory
cp: cannot stat 'script_profile_prof.ksh': No such file or directory
chmod: cannot access 'script_profile_55.ksh': No such file or directory
sed: can't read script_profile_55.ksh: No such file or directory
cp: cannot stat 'script_profile_prof.ksh': No such file or directory
chmod: cannot access 'script_profile_56.ksh': No such file or directory
sed: can't read script_profile_56.ksh: No such file or directory
cp: cannot stat 'script_profile_prof.ksh': No such file or directory
chmod: cannot access 'script_profile_57.ksh': No such file or directory
sed: can't read script_profile_57.ksh: No such file or directory
cp: cannot stat 'script_profile_prof.ksh': No such file or directory
chmod: cannot access 'script_profile_58.ksh': No such file or directory
sed: can't read script_profile_58.ksh: No such file or directory
cp: cannot stat 'script_profile_prof.ksh': No such file or directory
chmod: cannot access 'script_profile_59.ksh': No such file or directory
sed: can't read script_profile_59.ksh: No such file or directory
cp: cannot stat 'script_profile_prof.ksh': No such file or directory
chmod: cannot access 'script_profile_60.ksh': No such file or directory
sed: can't read script_profile_60.ksh: No such file or directory
cp: cannot stat 'script_profile_prof.ksh': No such file or directory
chmod: cannot access 'script_profile_61.ksh': No such file or directory
sed: can't read script_profile_61.ksh: No such file or directory
cp: cannot stat 'script_profile_prof.ksh': No such file or directory
chmod: cannot access 'script_profile_62.ksh': No such file or directory
sed: can't read script_profile_62.ksh: No such file or directory
cp: cannot stat 'script_profile_prof.ksh': No such file or directory
chmod: cannot access 'script_profile_63.ksh': No such file or directory
sed: can't read script_profile_63.ksh: No such file or directory
cp: cannot stat 'script_profile_prof.ksh': No such file or directory
chmod: cannot access 'script_profile_64.ksh': No such file or directory
sed: can't read script_profile_64.ksh: No such file or directory
cp: cannot stat 'script_profile_prof.ksh': No such file or directory
chmod: cannot access 'script_profile_65.ksh': No such file or directory
sed: can't read script_profile_65.ksh: No such file or directory
cp: cannot stat 'script_profile_prof.ksh': No such file or directory
chmod: cannot access 'script_profile_66.ksh': No such file or directory
sed: can't read script_profile_66.ksh: No such file or directory
cp: cannot stat 'script_profile_prof.ksh': No such file or directory
chmod: cannot access 'script_profile_67.ksh': No such file or directory
sed: can't read script_profile_67.ksh: No such file or directory
cp: cannot stat 'script_profile_prof.ksh': No such file or directory
chmod: cannot access 'script_profile_68.ksh': No such file or directory
sed: can't read script_profile_68.ksh: No such file or directory
cp: cannot stat 'script_profile_prof.ksh': No such file or directory
chmod: cannot access 'script_profile_69.ksh': No such file or directory
sed: can't read script_profile_69.ksh: No such file or directory
cp: cannot stat 'script_profile_prof.ksh': No such file or directory
chmod: cannot access 'script_profile_70.ksh': No such file or directory
sed: can't read script_profile_70.ksh: No such file or directory
cp: cannot stat 'script_profile_prof.ksh': No such file or directory
chmod: cannot access 'script_profile_71.ksh': No such file or directory
sed: can't read script_profile_71.ksh: No such file or directory
cp: cannot stat 'script_profile_prof.ksh': No such file or directory
chmod: cannot access 'script_profile_72.ksh': No such file or directory
sed: can't read script_profile_72.ksh: No such file or directory
cp: cannot stat 'script_profile_prof.ksh': No such file or directory
chmod: cannot access 'script_profile_73.ksh': No such file or directory
sed: can't read script_profile_73.ksh: No such file or directory
cp: cannot stat 'script_profile_prof.ksh': No such file or directory
chmod: cannot access 'script_profile_74.ksh': No such file or directory
sed: can't read script_profile_74.ksh: No such file or directory
cp: cannot stat 'script_profile_prof.ksh': No such file or directory
chmod: cannot access 'script_profile_75.ksh': No such file or directory
sed: can't read script_profile_75.ksh: No such file or directory
cp: cannot stat 'script_profile_prof.ksh': No such file or directory
chmod: cannot access 'script_profile_76.ksh': No such file or directory
sed: can't read script_profile_76.ksh: No such file or directory
cp: cannot stat 'script_profile_prof.ksh': No such file or directory
chmod: cannot access 'script_profile_77.ksh': No such file or directory
sed: can't read script_profile_77.ksh: No such file or directory
cp: cannot stat 'script_profile_prof.ksh': No such file or directory
chmod: cannot access 'script_profile_78.ksh': No such file or directory
sed: can't read script_profile_78.ksh: No such file or directory
cp: cannot stat 'script_profile_prof.ksh': No such file or directory
chmod: cannot access 'script_profile_79.ksh': No such file or directory
sed: can't read script_profile_79.ksh: No such file or directory
cp: cannot stat 'script_profile_prof.ksh': No such file or directory
chmod: cannot access 'script_profile_80.ksh': No such file or directory
sed: can't read script_profile_80.ksh: No such file or directory
cp: cannot stat 'script_profile_prof.ksh': No such file or directory
chmod: cannot access 'script_profile_81.ksh': No such file or directory
sed: can't read script_profile_81.ksh: No such file or directory
cp: cannot stat 'script_profile_prof.ksh': No such file or directory
chmod: cannot access 'script_profile_82.ksh': No such file or directory
sed: can't read script_profile_82.ksh: No such file or directory
cp: cannot stat 'script_profile_prof.ksh': No such file or directory
chmod: cannot access 'script_profile_83.ksh': No such file or directory
sed: can't read script_profile_83.ksh: No such file or directory
cp: cannot stat 'script_profile_prof.ksh': No such file or directory
chmod: cannot access 'script_profile_84.ksh': No such file or directory
sed: can't read script_profile_84.ksh: No such file or directory
cp: cannot stat 'script_profile_prof.ksh': No such file or directory
chmod: cannot access 'script_profile_85.ksh': No such file or directory
sed: can't read script_profile_85.ksh: No such file or directory
cp: cannot stat 'script_profile_prof.ksh': No such file or directory
chmod: cannot access 'script_profile_86.ksh': No such file or directory
sed: can't read script_profile_86.ksh: No such file or directory
cp: cannot stat 'script_profile_prof.ksh': No such file or directory
chmod: cannot access 'script_profile_87.ksh': No such file or directory
sed: can't read script_profile_87.ksh: No such file or directory
cp: cannot stat 'script_profile_prof.ksh': No such file or directory
chmod: cannot access 'script_profile_88.ksh': No such file or directory
sed: can't read script_profile_88.ksh: No such file or directory
cp: cannot stat 'script_profile_prof.ksh': No such file or directory
chmod: cannot access 'script_profile_89.ksh': No such file or directory
sed: can't read script_profile_89.ksh: No such file or directory
cp: cannot stat 'script_profile_prof.ksh': No such file or directory
chmod: cannot access 'script_profile_90.ksh': No such file or directory
sed: can't read script_profile_90.ksh: No such file or directory
cp: cannot stat 'script_profile_prof.ksh': No such file or directory
chmod: cannot access 'script_profile_91.ksh': No such file or directory
sed: can't read script_profile_91.ksh: No such file or directory
cp: cannot stat 'script_profile_prof.ksh': No such file or directory
chmod: cannot access 'script_profile_92.ksh': No such file or directory
sed: can't read script_profile_92.ksh: No such file or directory
cp: cannot stat 'script_profile_prof.ksh': No such file or directory
chmod: cannot access 'script_profile_93.ksh': No such file or directory
sed: can't read script_profile_93.ksh: No such file or directory
cp: cannot stat 'script_profile_prof.ksh': No such file or directory
chmod: cannot access 'script_profile_94.ksh': No such file or directory
sed: can't read script_profile_94.ksh: No such file or directory
cp: cannot stat 'script_profile_prof.ksh': No such file or directory
chmod: cannot access 'script_profile_95.ksh': No such file or directory
sed: can't read script_profile_95.ksh: No such file or directory
cp: cannot stat 'script_profile_prof.ksh': No such file or directory
chmod: cannot access 'script_profile_96.ksh': No such file or directory
sed: can't read script_profile_96.ksh: No such file or directory
cp: cannot stat 'script_profile_prof.ksh': No such file or directory
chmod: cannot access 'script_profile_97.ksh': No such file or directory
sed: can't read script_profile_97.ksh: No such file or directory
cp: cannot stat 'script_profile_prof.ksh': No such file or directory
chmod: cannot access 'script_profile_98.ksh': No such file or directory
sed: can't read script_profile_98.ksh: No such file or directory
cp: cannot stat 'script_profile_prof.ksh': No such file or directory
chmod: cannot access 'script_profile_99.ksh': No such file or directory
sed: can't read script_profile_99.ksh: No such file or directory
cp: cannot stat 'script_profile_prof.ksh': No such file or directory
chmod: cannot access 'script_profile_100.ksh': No such file or directory
sed: can't read script_profile_100.ksh: No such file or directory
cp: cannot stat 'script_profile_prof.ksh': No such file or directory
chmod: cannot access 'script_profile_101.ksh': No such file or directory
sed: can't read script_profile_101.ksh: No such file or directory
cp: cannot stat 'script_profile_prof.ksh': No such file or directory
chmod: cannot access 'script_profile_102.ksh': No such file or directory
sed: can't read script_profile_102.ksh: No such file or directory
cp: cannot stat 'script_profile_prof.ksh': No such file or directory
chmod: cannot access 'script_profile_103.ksh': No such file or directory
sed: can't read script_profile_103.ksh: No such file or directory
cp: cannot stat 'script_profile_prof.ksh': No such file or directory
chmod: cannot access 'script_profile_104.ksh': No such file or directory
sed: can't read script_profile_104.ksh: No such file or directory
cp: cannot stat 'script_profile_prof.ksh': No such file or directory
chmod: cannot access 'script_profile_105.ksh': No such file or directory
sed: can't read script_profile_105.ksh: No such file or directory
cp: cannot stat 'script_profile_prof.ksh': No such file or directory
chmod: cannot access 'script_profile_106.ksh': No such file or directory
sed: can't read script_profile_106.ksh: No such file or directory
cp: cannot stat 'script_profile_prof.ksh': No such file or directory
chmod: cannot access 'script_profile_107.ksh': No such file or directory
sed: can't read script_profile_107.ksh: No such file or directory
cp: cannot stat 'script_profile_prof.ksh': No such file or directory
chmod: cannot access 'script_profile_108.ksh': No such file or directory
sed: can't read script_profile_108.ksh: No such file or directory
cp: cannot stat 'script_profile_prof.ksh': No such file or directory
chmod: cannot access 'script_profile_109.ksh': No such file or directory
sed: can't read script_profile_109.ksh: No such file or directory
cp: cannot stat 'script_profile_prof.ksh': No such file or directory
chmod: cannot access 'script_profile_110.ksh': No such file or directory
sed: can't read script_profile_110.ksh: No such file or directory
cp: cannot stat 'script_profile_prof.ksh': No such file or directory
chmod: cannot access 'script_profile_111.ksh': No such file or directory
sed: can't read script_profile_111.ksh: No such file or directory
cp: cannot stat 'script_profile_prof.ksh': No such file or directory
chmod: cannot access 'script_profile_112.ksh': No such file or directory
sed: can't read script_profile_112.ksh: No such file or directory
cp: cannot stat 'script_profile_prof.ksh': No such file or directory
chmod: cannot access 'script_profile_113.ksh': No such file or directory
sed: can't read script_profile_113.ksh: No such file or directory
cp: cannot stat 'script_profile_prof.ksh': No such file or directory
chmod: cannot access 'script_profile_114.ksh': No such file or directory
sed: can't read script_profile_114.ksh: No such file or directory
cp: cannot stat 'script_profile_prof.ksh': No such file or directory
chmod: cannot access 'script_profile_115.ksh': No such file or directory
sed: can't read script_profile_115.ksh: No such file or directory
cp: cannot stat 'script_profile_prof.ksh': No such file or directory
chmod: cannot access 'script_profile_116.ksh': No such file or directory
sed: can't read script_profile_116.ksh: No such file or directory
cp: cannot stat 'script_profile_prof.ksh': No such file or directory
chmod: cannot access 'script_profile_117.ksh': No such file or directory
sed: can't read script_profile_117.ksh: No such file or directory
cp: cannot stat 'script_profile_prof.ksh': No such file or directory
chmod: cannot access 'script_profile_118.ksh': No such file or directory
sed: can't read script_profile_118.ksh: No such file or directory
cp: cannot stat 'script_profile_prof.ksh': No such file or directory
chmod: cannot access 'script_profile_119.ksh': No such file or directory
sed: can't read script_profile_119.ksh: No such file or directory
cp: cannot stat 'script_profile_prof.ksh': No such file or directory
chmod: cannot access 'script_profile_120.ksh': No such file or directory
sed: can't read script_profile_120.ksh: No such file or directory
cp: cannot stat 'script_profile_prof.ksh': No such file or directory
chmod: cannot access 'script_profile_121.ksh': No such file or directory
sed: can't read script_profile_121.ksh: No such file or directory
cp: cannot stat 'script_profile_prof.ksh': No such file or directory
chmod: cannot access 'script_profile_122.ksh': No such file or directory
sed: can't read script_profile_122.ksh: No such file or directory
cp: cannot stat 'script_profile_prof.ksh': No such file or directory
chmod: cannot access 'script_profile_123.ksh': No such file or directory
sed: can't read script_profile_123.ksh: No such file or directory
cp: cannot stat 'script_profile_prof.ksh': No such file or directory
chmod: cannot access 'script_profile_124.ksh': No such file or directory
sed: can't read script_profile_124.ksh: No such file or directory
cp: cannot stat 'script_profile_prof.ksh': No such file or directory
chmod: cannot access 'script_profile_125.ksh': No such file or directory
sed: can't read script_profile_125.ksh: No such file or directory
cp: cannot stat 'script_profile_prof.ksh': No such file or directory
chmod: cannot access 'script_profile_126.ksh': No such file or directory
sed: can't read script_profile_126.ksh: No such file or directory
cp: cannot stat 'script_profile_prof.ksh': No such file or directory
chmod: cannot access 'script_profile_127.ksh': No such file or directory
sed: can't read script_profile_127.ksh: No such file or directory
cp: cannot stat 'script_profile_prof.ksh': No such file or directory
chmod: cannot access 'script_profile_128.ksh': No such file or directory
sed: can't read script_profile_128.ksh: No such file or directory
cp: cannot stat 'script_profile_prof.ksh': No such file or directory
chmod: cannot access 'script_profile_129.ksh': No such file or directory
sed: can't read script_profile_129.ksh: No such file or directory
cp: cannot stat 'script_profile_prof.ksh': No such file or directory
chmod: cannot access 'script_profile_130.ksh': No such file or directory
sed: can't read script_profile_130.ksh: No such file or directory
cp: cannot stat 'script_profile_prof.ksh': No such file or directory
chmod: cannot access 'script_profile_131.ksh': No such file or directory
sed: can't read script_profile_131.ksh: No such file or directory
cp: cannot stat 'script_profile_prof.ksh': No such file or directory
chmod: cannot access 'script_profile_132.ksh': No such file or directory
sed: can't read script_profile_132.ksh: No such file or directory
cp: cannot stat 'script_profile_prof.ksh': No such file or directory
chmod: cannot access 'script_profile_133.ksh': No such file or directory
sed: can't read script_profile_133.ksh: No such file or directory
cp: cannot stat 'script_profile_prof.ksh': No such file or directory
chmod: cannot access 'script_profile_134.ksh': No such file or directory
sed: can't read script_profile_134.ksh: No such file or directory
cp: cannot stat 'script_profile_prof.ksh': No such file or directory
chmod: cannot access 'script_profile_135.ksh': No such file or directory
sed: can't read script_profile_135.ksh: No such file or directory
cp: cannot stat 'script_profile_prof.ksh': No such file or directory
chmod: cannot access 'script_profile_136.ksh': No such file or directory
sed: can't read script_profile_136.ksh: No such file or directory
cp: cannot stat 'script_profile_prof.ksh': No such file or directory
chmod: cannot access 'script_profile_137.ksh': No such file or directory
sed: can't read script_profile_137.ksh: No such file or directory
cp: cannot stat 'script_profile_prof.ksh': No such file or directory
chmod: cannot access 'script_profile_138.ksh': No such file or directory
sed: can't read script_profile_138.ksh: No such file or directory
cp: cannot stat 'script_profile_prof.ksh': No such file or directory
chmod: cannot access 'script_profile_139.ksh': No such file or directory
sed: can't read script_profile_139.ksh: No such file or directory
cp: cannot stat 'script_profile_prof.ksh': No such file or directory
chmod: cannot access 'script_profile_140.ksh': No such file or directory
sed: can't read script_profile_140.ksh: No such file or directory
cp: cannot stat 'script_profile_prof.ksh': No such file or directory
chmod: cannot access 'script_profile_141.ksh': No such file or directory
sed: can't read script_profile_141.ksh: No such file or directory
cp: cannot stat 'script_profile_prof.ksh': No such file or directory
chmod: cannot access 'script_profile_142.ksh': No such file or directory
sed: can't read script_profile_142.ksh: No such file or directory
cp: cannot stat 'script_profile_prof.ksh': No such file or directory
chmod: cannot access 'script_profile_143.ksh': No such file or directory
sed: can't read script_profile_143.ksh: No such file or directory
cp: cannot stat 'script_profile_prof.ksh': No such file or directory
chmod: cannot access 'script_profile_144.ksh': No such file or directory
sed: can't read script_profile_144.ksh: No such file or directory
cp: cannot stat 'script_profile_prof.ksh': No such file or directory
chmod: cannot access 'script_profile_145.ksh': No such file or directory
sed: can't read script_profile_145.ksh: No such file or directory
srun: Warning: can't honor --ntasks-per-node set to 40 which doesn't match the requested tasks 145 with the number of requested nodes 4. Ignoring --ntasks-per-node.
 RANK =           82 NTASK=          145  cmd : 
 /gpfswork/rech/egi/rote001/git/diags-CMEMS-on-jean-zay/Profiles-EN4/script_prof
 i
 RANK =          123 NTASK=          145  cmd : 
 /gpfswork/rech/egi/rote001/git/diags-CMEMS-on-jean-zay/Profiles-EN4/script_prof
 i
 RANK =          131 NTASK=          145  cmd : 
 /gpfswork/rech/egi/rote001/git/diags-CMEMS-on-jean-zay/Profiles-EN4/script_prof
 i
 RANK =          139 NTASK=          145  cmd : 
 /gpfswork/rech/egi/rote001/git/diags-CMEMS-on-jean-zay/Profiles-EN4/script_prof
 i
 RANK =           83 NTASK=          145  cmd : 
 /gpfswork/rech/egi/rote001/git/diags-CMEMS-on-jean-zay/Profiles-EN4/script_prof
 i
 RANK =          135 NTASK=          145  cmd : 
 /gpfswork/rech/egi/rote001/git/diags-CMEMS-on-jean-zay/Profiles-EN4/script_prof
 i
 RANK =           47 NTASK=          145  cmd : 
 /gpfswork/rech/egi/rote001/git/diags-CMEMS-on-jean-zay/Profiles-EN4/script_prof
 i
 RANK =          136 NTASK=          145  cmd : 
 /gpfswork/rech/egi/rote001/git/diags-CMEMS-on-jean-zay/Profiles-EN4/script_prof
 i
 RANK =          127 NTASK=          145  cmd : 
 /gpfswork/rech/egi/rote001/git/diags-CMEMS-on-jean-zay/Profiles-EN4/script_prof
 i
 RANK =           87 NTASK=          145  cmd : 
 /gpfswork/rech/egi/rote001/git/diags-CMEMS-on-jean-zay/Profiles-EN4/script_prof
 i
 RANK =          116 NTASK=          145  cmd : 
 /gpfswork/rech/egi/rote001/git/diags-CMEMS-on-jean-zay/Profiles-EN4/script_prof
 i
 RANK =          103 NTASK=          145  cmd : 
 /gpfswork/rech/egi/rote001/git/diags-CMEMS-on-jean-zay/Profiles-EN4/script_prof
 i
 RANK =          144 NTASK=          145  cmd : 
 /gpfswork/rech/egi/rote001/git/diags-CMEMS-on-jean-zay/Profiles-EN4/script_prof
 i
 RANK =           93 NTASK=          145  cmd : 
 /gpfswork/rech/egi/rote001/git/diags-CMEMS-on-jean-zay/Profiles-EN4/script_prof
 i
 RANK =          104 NTASK=          145  cmd : 
 /gpfswork/rech/egi/rote001/git/diags-CMEMS-on-jean-zay/Profiles-EN4/script_prof
 i
 RANK =          113 NTASK=          145  cmd : 
 /gpfswork/rech/egi/rote001/git/diags-CMEMS-on-jean-zay/Profiles-EN4/script_prof
 i
 RANK =          115 NTASK=          145  cmd : 
 /gpfswork/rech/egi/rote001/git/diags-CMEMS-on-jean-zay/Profiles-EN4/script_prof
 i
 RANK =          117 NTASK=          145  cmd : 
 /gpfswork/rech/egi/rote001/git/diags-CMEMS-on-jean-zay/Profiles-EN4/script_prof
 i
 RANK =           13 NTASK=          145  cmd : 
 /gpfswork/rech/egi/rote001/git/diags-CMEMS-on-jean-zay/Profiles-EN4/script_prof
 i
 RANK =           63 NTASK=          145  cmd : 
 /gpfswork/rech/egi/rote001/git/diags-CMEMS-on-jean-zay/Profiles-EN4/script_prof
 i
 RANK =          100 NTASK=          145  cmd : 
 /gpfswork/rech/egi/rote001/git/diags-CMEMS-on-jean-zay/Profiles-EN4/script_prof
 i
 RANK =           85 NTASK=          145  cmd : 
 /gpfswork/rech/egi/rote001/git/diags-CMEMS-on-jean-zay/Profiles-EN4/script_prof
 i
 RANK =          108 NTASK=          145  cmd : 
 /gpfswork/rech/egi/rote001/git/diags-CMEMS-on-jean-zay/Profiles-EN4/script_prof
 i
 RANK =          107 NTASK=          145  cmd : 
 /gpfswork/rech/egi/rote001/git/diags-CMEMS-on-jean-zay/Profiles-EN4/script_prof
 i
 RANK =           40 NTASK=          145  cmd : 
 /gpfswork/rech/egi/rote001/git/diags-CMEMS-on-jean-zay/Profiles-EN4/script_prof
 i
 RANK =           89 NTASK=          145  cmd : 
 /gpfswork/rech/egi/rote001/git/diags-CMEMS-on-jean-zay/Profiles-EN4/script_prof
 i
 RANK =           96 NTASK=          145  cmd : 
 /gpfswork/rech/egi/rote001/git/diags-CMEMS-on-jean-zay/Profiles-EN4/script_prof
 i
 RANK =          105 NTASK=          145  cmd : 
 /gpfswork/rech/egi/rote001/git/diags-CMEMS-on-jean-zay/Profiles-EN4/script_prof
 i
 RANK =          143 NTASK=          145  cmd : 
 /gpfswork/rech/egi/rote001/git/diags-CMEMS-on-jean-zay/Profiles-EN4/script_prof
 i
 RANK =           68 NTASK=          145  cmd : 
 /gpfswork/rech/egi/rote001/git/diags-CMEMS-on-jean-zay/Profiles-EN4/script_prof
 i
 RANK =          125 NTASK=          145  cmd : 
 /gpfswork/rech/egi/rote001/git/diags-CMEMS-on-jean-zay/Profiles-EN4/script_prof
 i
 RANK =            3 NTASK=          145  cmd : 
 /gpfswork/rech/egi/rote001/git/diags-CMEMS-on-jean-zay/Profiles-EN4/script_prof
 i
 RANK =           92 NTASK=          145  cmd : 
 /gpfswork/rech/egi/rote001/git/diags-CMEMS-on-jean-zay/Profiles-EN4/script_prof
 i
 RANK =          137 NTASK=          145  cmd : 
 /gpfswork/rech/egi/rote001/git/diags-CMEMS-on-jean-zay/Profiles-EN4/script_prof
 i
 RANK =           31 NTASK=          145  cmd : 
 /gpfswork/rech/egi/rote001/git/diags-CMEMS-on-jean-zay/Profiles-EN4/script_prof
 i
 RANK =           25 NTASK=          145  cmd : 
 /gpfswork/rech/egi/rote001/git/diags-CMEMS-on-jean-zay/Profiles-EN4/script_prof
 RANK =           51 NTASK=          145  cmd : 
 /gpfswork/rech/egi/rote001/git/diags-CMEMS-on-jean-zay/Profiles-EN4/script_prof
 i
 RANK =          128 NTASK=          145  cmd : 
 /gpfswork/rech/egi/rote001/git/diags-CMEMS-on-jean-zay/Profiles-EN4/script_prof
 i
 RANK =           81 NTASK=          145  cmd : 
 /gpfswork/rech/egi/rote001/git/diags-CMEMS-on-jean-zay/Profiles-EN4/script_prof
 i
 RANK =           79 NTASK=          145  cmd : 
 /gpfswork/rech/egi/rote001/git/diags-CMEMS-on-jean-zay/Profiles-EN4/script_prof
 i
 RANK =           91 NTASK=          145  cmd : 
 /gpfswork/rech/egi/rote001/git/diags-CMEMS-on-jean-zay/Profiles-EN4/script_prof
 i
 RANK =          132 NTASK=          145  cmd : 
 /gpfswork/rech/egi/rote001/git/diags-CMEMS-on-jean-zay/Profiles-EN4/script_prof
 i
 RANK =           97 NTASK=          145  cmd : 
 /gpfswork/rech/egi/rote001/git/diags-CMEMS-on-jean-zay/Profiles-EN4/script_prof
 i
 RANK =            7 NTASK=          145  cmd : 
 /gpfswork/rech/egi/rote001/git/diags-CMEMS-on-jean-zay/Profiles-EN4/script_prof
 i
 RANK =          129 NTASK=          145  cmd : 
 /gpfswork/rech/egi/rote001/git/diags-CMEMS-on-jean-zay/Profiles-EN4/script_prof
 i
 RANK =           11 NTASK=          145  cmd : 
 /gpfswork/rech/egi/rote001/git/diags-CMEMS-on-jean-zay/Profiles-EN4/script_prof
 i
 RANK =          124 NTASK=          145  cmd : 
 /gpfswork/rech/egi/rote001/git/diags-CMEMS-on-jean-zay/Profiles-EN4/script_prof
 i
 RANK =           15 NTASK=          145  cmd : 
 /gpfswork/rech/egi/rote001/git/diags-CMEMS-on-jean-zay/Profiles-EN4/script_prof
 i
 i
 RANK =           28 NTASK=          145  cmd : 
 /gpfswork/rech/egi/rote001/git/diags-CMEMS-on-jean-zay/Profiles-EN4/script_prof
 RANK =           65 NTASK=          145  cmd : 
 /gpfswork/rech/egi/rote001/git/diags-CMEMS-on-jean-zay/Profiles-EN4/script_prof
 i
 RANK =           27 NTASK=          145  cmd : 
 /gpfswork/rech/egi/rote001/git/diags-CMEMS-on-jean-zay/Profiles-EN4/script_prof
 i
 RANK =          101 NTASK=          145  cmd : 
 /gpfswork/rech/egi/rote001/git/diags-CMEMS-on-jean-zay/Profiles-EN4/script_prof
 i
 RANK =           43 NTASK=          145  cmd : 
 /gpfswork/rech/egi/rote001/git/diags-CMEMS-on-jean-zay/Profiles-EN4/script_prof
 i
 RANK =           44 NTASK=          145  cmd : 
 /gpfswork/rech/egi/rote001/git/diags-CMEMS-on-jean-zay/Profiles-EN4/script_prof
 i
 RANK =           57 NTASK=          145  cmd : 
 /gpfswork/rech/egi/rote001/git/diags-CMEMS-on-jean-zay/Profiles-EN4/script_prof
 i
 RANK =           95 NTASK=          145  cmd : 
 /gpfswork/rech/egi/rote001/git/diags-CMEMS-on-jean-zay/Profiles-EN4/script_prof
 i
 RANK =           77 NTASK=          145  cmd : 
 /gpfswork/rech/egi/rote001/git/diags-CMEMS-on-jean-zay/Profiles-EN4/script_prof
 i
 RANK =           23 NTASK=          145  cmd : 
 /gpfswork/rech/egi/rote001/git/diags-CMEMS-on-jean-zay/Profiles-EN4/script_prof
 i
 RANK =           48 NTASK=          145  cmd : 
 /gpfswork/rech/egi/rote001/git/diags-CMEMS-on-jean-zay/Profiles-EN4/script_prof
 i
 RANK =           56 NTASK=          145  cmd : 
 /gpfswork/rech/egi/rote001/git/diags-CMEMS-on-jean-zay/Profiles-EN4/script_prof
 i
 RANK =          121 NTASK=          145  cmd : 
 /gpfswork/rech/egi/rote001/git/diags-CMEMS-on-jean-zay/Profiles-EN4/script_prof
 i
 RANK =           39 NTASK=          145  cmd : 
 /gpfswork/rech/egi/rote001/git/diags-CMEMS-on-jean-zay/Profiles-EN4/script_prof
 i
 RANK =          133 NTASK=          145  cmd : 
 /gpfswork/rech/egi/rote001/git/diags-CMEMS-on-jean-zay/Profiles-EN4/script_prof
 i
 RANK =           67 NTASK=          145  cmd : 
 /gpfswork/rech/egi/rote001/git/diags-CMEMS-on-jean-zay/Profiles-EN4/script_prof
 i
 RANK =           72 NTASK=          145  cmd : 
 /gpfswork/rech/egi/rote001/git/diags-CMEMS-on-jean-zay/Profiles-EN4/script_prof
 i
 RANK =           45 NTASK=          145  cmd : 
 /gpfswork/rech/egi/rote001/git/diags-CMEMS-on-jean-zay/Profiles-EN4/script_prof
 i
 RANK =           75 NTASK=          145  cmd : 
 /gpfswork/rech/egi/rote001/git/diags-CMEMS-on-jean-zay/Profiles-EN4/script_prof
 i
 RANK =           80 NTASK=          145  cmd : 
 /gpfswork/rech/egi/rote001/git/diags-CMEMS-on-jean-zay/Profiles-EN4/script_prof
 i
 RANK =           73 NTASK=          145  cmd : 
 /gpfswork/rech/egi/rote001/git/diags-CMEMS-on-jean-zay/Profiles-EN4/script_prof
 i
 RANK =          111 NTASK=          145  cmd : 
 /gpfswork/rech/egi/rote001/git/diags-CMEMS-on-jean-zay/Profiles-EN4/script_prof
 i
 RANK =            8 NTASK=          145  cmd : 
 /gpfswork/rech/egi/rote001/git/diags-CMEMS-on-jean-zay/Profiles-EN4/script_prof
 i
 RANK =            9 NTASK=          145  cmd : 
 /gpfswork/rech/egi/rote001/git/diags-CMEMS-on-jean-zay/Profiles-EN4/script_prof
 i
 RANK =           71 NTASK=          145  cmd : 
 /gpfswork/rech/egi/rote001/git/diags-CMEMS-on-jean-zay/Profiles-EN4/script_prof
 i
 RANK =           24 NTASK=          145  cmd : 
 /gpfswork/rech/egi/rote001/git/diags-CMEMS-on-jean-zay/Profiles-EN4/script_prof
 i
 RANK =           37 NTASK=          145  cmd : 
 /gpfswork/rech/egi/rote001/git/diags-CMEMS-on-jean-zay/Profiles-EN4/script_prof
 i
 RANK =           41 NTASK=          145  cmd : 
 /gpfswork/rech/egi/rote001/git/diags-CMEMS-on-jean-zay/Profiles-EN4/script_prof
 i
 RANK =           99 NTASK=          145  cmd : 
 /gpfswork/rech/egi/rote001/git/diags-CMEMS-on-jean-zay/Profiles-EN4/script_prof
 i
 i
 RANK =           55 NTASK=          145  cmd : 
 /gpfswork/rech/egi/rote001/git/diags-CMEMS-on-jean-zay/Profiles-EN4/script_prof
 i
 RANK =           60 NTASK=          145  cmd : 
 /gpfswork/rech/egi/rote001/git/diags-CMEMS-on-jean-zay/Profiles-EN4/script_prof
 i
 RANK =           49 NTASK=          145  cmd : 
 /gpfswork/rech/egi/rote001/git/diags-CMEMS-on-jean-zay/Profiles-EN4/script_prof
 i
 RANK =          109 NTASK=          145  cmd : 
 /gpfswork/rech/egi/rote001/git/diags-CMEMS-on-jean-zay/Profiles-EN4/script_prof
 i
 RANK =          119 NTASK=          145  cmd : 
 /gpfswork/rech/egi/rote001/git/diags-CMEMS-on-jean-zay/Profiles-EN4/script_prof
 i
 RANK =           76 NTASK=          145  cmd : 
 /gpfswork/rech/egi/rote001/git/diags-CMEMS-on-jean-zay/Profiles-EN4/script_prof
 i
 RANK =           21 NTASK=          145  cmd : 
 /gpfswork/rech/egi/rote001/git/diags-CMEMS-on-jean-zay/Profiles-EN4/script_prof
 i
 RANK =           19 NTASK=          145  cmd : 
 /gpfswork/rech/egi/rote001/git/diags-CMEMS-on-jean-zay/Profiles-EN4/script_prof
 i
 RANK =          140 NTASK=          145  cmd : 
 /gpfswork/rech/egi/rote001/git/diags-CMEMS-on-jean-zay/Profiles-EN4/script_prof
 i
 RANK =            0 NTASK=          145  cmd : 
 /gpfswork/rech/egi/rote001/git/diags-CMEMS-on-jean-zay/Profiles-EN4/script_prof
 i
 RANK =           29 NTASK=          145  cmd : 
 /gpfswork/rech/egi/rote001/git/diags-CMEMS-on-jean-zay/Profiles-EN4/script_prof
 i
 RANK =           59 NTASK=          145  cmd : 
 /gpfswork/rech/egi/rote001/git/diags-CMEMS-on-jean-zay/Profiles-EN4/script_prof
 i
 RANK =           53 NTASK=          145  cmd : 
 /gpfswork/rech/egi/rote001/git/diags-CMEMS-on-jean-zay/Profiles-EN4/script_prof
 i
 RANK =           35 NTASK=          145  cmd : 
 /gpfswork/rech/egi/rote001/git/diags-CMEMS-on-jean-zay/Profiles-EN4/script_prof
 RANK =           20 NTASK=          145  cmd : 
 /gpfswork/rech/egi/rote001/git/diags-CMEMS-on-jean-zay/Profiles-EN4/script_prof
 i
 RANK =           61 NTASK=          145  cmd : 
 /gpfswork/rech/egi/rote001/git/diags-CMEMS-on-jean-zay/Profiles-EN4/script_prof
 i
 i
 RANK =           32 NTASK=          145  cmd : 
 /gpfswork/rech/egi/rote001/git/diags-CMEMS-on-jean-zay/Profiles-EN4/script_prof
 i
 RANK =           69 NTASK=          145  cmd : 
 /gpfswork/rech/egi/rote001/git/diags-CMEMS-on-jean-zay/Profiles-EN4/script_prof
 i
 RANK =           52 NTASK=          145  cmd : 
 /gpfswork/rech/egi/rote001/git/diags-CMEMS-on-jean-zay/Profiles-EN4/script_prof
 i
 RANK =            1 NTASK=          145  cmd : 
 /gpfswork/rech/egi/rote001/git/diags-CMEMS-on-jean-zay/Profiles-EN4/script_prof
 i
 RANK =           64 NTASK=          145  cmd : 
 /gpfswork/rech/egi/rote001/git/diags-CMEMS-on-jean-zay/Profiles-EN4/script_prof
 i
 RANK =            5 NTASK=          145  cmd : 
 /gpfswork/rech/egi/rote001/git/diags-CMEMS-on-jean-zay/Profiles-EN4/script_prof
 i
 RANK =          120 NTASK=          145  cmd : 
 /gpfswork/rech/egi/rote001/git/diags-CMEMS-on-jean-zay/Profiles-EN4/script_prof
 i
 RANK =           17 NTASK=          145  cmd : 
 /gpfswork/rech/egi/rote001/git/diags-CMEMS-on-jean-zay/Profiles-EN4/script_prof
 RANK =           36 NTASK=          145  cmd : 
 /gpfswork/rech/egi/rote001/git/diags-CMEMS-on-jean-zay/Profiles-EN4/script_prof
 i
 RANK =          141 NTASK=          145  cmd : 
 /gpfswork/rech/egi/rote001/git/diags-CMEMS-on-jean-zay/Profiles-EN4/script_prof
 i
 RANK =           84 NTASK=          145  cmd : 
 /gpfswork/rech/egi/rote001/git/diags-CMEMS-on-jean-zay/Profiles-EN4/script_prof
 i
 i
 RANK =          112 NTASK=          145  cmd : 
 /gpfswork/rech/egi/rote001/git/diags-CMEMS-on-jean-zay/Profiles-EN4/script_prof
 i
 RANK =            4 NTASK=          145  cmd : 
 /gpfswork/rech/egi/rote001/git/diags-CMEMS-on-jean-zay/Profiles-EN4/script_prof
 i
 RANK =           88 NTASK=          145  cmd : 
 /gpfswork/rech/egi/rote001/git/diags-CMEMS-on-jean-zay/Profiles-EN4/script_prof
 i
 RANK =           12 NTASK=          145  cmd : 
 /gpfswork/rech/egi/rote001/git/diags-CMEMS-on-jean-zay/Profiles-EN4/script_prof
 i
 RANK =           16 NTASK=          145  cmd : 
 /gpfswork/rech/egi/rote001/git/diags-CMEMS-on-jean-zay/Profiles-EN4/script_prof
 i
 RANK =           33 NTASK=          145  cmd : 
 /gpfswork/rech/egi/rote001/git/diags-CMEMS-on-jean-zay/Profiles-EN4/script_prof
 i
sh: /gpfswork/rech/egi/rote001/git/diags-CMEMS-on-jean-zay/Profiles-EN4/script_profi: No such file or directory
sh: /gpfswork/rech/egi/rote001/git/diags-CMEMS-on-jean-zay/Profiles-EN4/script_profi: No such file or directory
sh: /gpfswork/rech/egi/rote001/git/diags-CMEMS-on-jean-zay/Profiles-EN4/script_profi: No such file or directory
sh: /gpfswork/rech/egi/rote001/git/diags-CMEMS-on-jean-zay/Profiles-EN4/script_profi: No such file or directory
sh: /gpfswork/rech/egi/rote001/git/diags-CMEMS-on-jean-zay/Profiles-EN4/script_profi: No such file or directory
sh: /gpfswork/rech/egi/rote001/git/diags-CMEMS-on-jean-zay/Profiles-EN4/script_profi: No such file or directory
sh: /gpfswork/rech/egi/rote001/git/diags-CMEMS-on-jean-zay/Profiles-EN4/script_profi: No such file or directory
sh: /gpfswork/rech/egi/rote001/git/diags-CMEMS-on-jean-zay/Profiles-EN4/script_profi: No such file or directory
sh: /gpfswork/rech/egi/rote001/git/diags-CMEMS-on-jean-zay/Profiles-EN4/script_profi: No such file or directory
sh: /gpfswork/rech/egi/rote001/git/diags-CMEMS-on-jean-zay/Profiles-EN4/script_profi: No such file or directory
sh: /gpfswork/rech/egi/rote001/git/diags-CMEMS-on-jean-zay/Profiles-EN4/script_profi: No such file or directory
sh: /gpfswork/rech/egi/rote001/git/diags-CMEMS-on-jean-zay/Profiles-EN4/script_profi: No such file or directory
sh: /gpfswork/rech/egi/rote001/git/diags-CMEMS-on-jean-zay/Profiles-EN4/script_profi: No such file or directory
sh: /gpfswork/rech/egi/rote001/git/diags-CMEMS-on-jean-zay/Profiles-EN4/script_profi: No such file or directory
sh: /gpfswork/rech/egi/rote001/git/diags-CMEMS-on-jean-zay/Profiles-EN4/script_profi: No such file or directory
sh: /gpfswork/rech/egi/rote001/git/diags-CMEMS-on-jean-zay/Profiles-EN4/script_profi: No such file or directory
sh: /gpfswork/rech/egi/rote001/git/diags-CMEMS-on-jean-zay/Profiles-EN4/script_profi: No such file or directory
sh: /gpfswork/rech/egi/rote001/git/diags-CMEMS-on-jean-zay/Profiles-EN4/script_profi: No such file or directory
sh: /gpfswork/rech/egi/rote001/git/diags-CMEMS-on-jean-zay/Profiles-EN4/script_profi: No such file or directory
sh: /gpfswork/rech/egi/rote001/git/diags-CMEMS-on-jean-zay/Profiles-EN4/script_profi: No such file or directory
sh: /gpfswork/rech/egi/rote001/git/diags-CMEMS-on-jean-zay/Profiles-EN4/script_profi: No such file or directory
sh: /gpfswork/rech/egi/rote001/git/diags-CMEMS-on-jean-zay/Profiles-EN4/script_profi: No such file or directory
sh: /gpfswork/rech/egi/rote001/git/diags-CMEMS-on-jean-zay/Profiles-EN4/script_profi: No such file or directory
sh: /gpfswork/rech/egi/rote001/git/diags-CMEMS-on-jean-zay/Profiles-EN4/script_profi: No such file or directory
sh: /gpfswork/rech/egi/rote001/git/diags-CMEMS-on-jean-zay/Profiles-EN4/script_profi: No such file or directory
sh: /gpfswork/rech/egi/rote001/git/diags-CMEMS-on-jean-zay/Profiles-EN4/script_profi: No such file or directory
sh: /gpfswork/rech/egi/rote001/git/diags-CMEMS-on-jean-zay/Profiles-EN4/script_profi: No such file or directory
sh: /gpfswork/rech/egi/rote001/git/diags-CMEMS-on-jean-zay/Profiles-EN4/script_profi: No such file or directory
sh: /gpfswork/rech/egi/rote001/git/diags-CMEMS-on-jean-zay/Profiles-EN4/script_profi: No such file or directory
sh: /gpfswork/rech/egi/rote001/git/diags-CMEMS-on-jean-zay/Profiles-EN4/script_profi: No such file or directory
sh: /gpfswork/rech/egi/rote001/git/diags-CMEMS-on-jean-zay/Profiles-EN4/script_profi: No such file or directory
sh: /gpfswork/rech/egi/rote001/git/diags-CMEMS-on-jean-zay/Profiles-EN4/script_profi: No such file or directory
sh: /gpfswork/rech/egi/rote001/git/diags-CMEMS-on-jean-zay/Profiles-EN4/script_profi: No such file or directory
sh: /gpfswork/rech/egi/rote001/git/diags-CMEMS-on-jean-zay/Profiles-EN4/script_profi: No such file or directory
sh: /gpfswork/rech/egi/rote001/git/diags-CMEMS-on-jean-zay/Profiles-EN4/script_profi: No such file or directory
sh: /gpfswork/rech/egi/rote001/git/diags-CMEMS-on-jean-zay/Profiles-EN4/script_profi: No such file or directory
sh: /gpfswork/rech/egi/rote001/git/diags-CMEMS-on-jean-zay/Profiles-EN4/script_profi: No such file or directory
sh: /gpfswork/rech/egi/rote001/git/diags-CMEMS-on-jean-zay/Profiles-EN4/script_profi: No such file or directory
sh: /gpfswork/rech/egi/rote001/git/diags-CMEMS-on-jean-zay/Profiles-EN4/script_profi: No such file or directory
sh: /gpfswork/rech/egi/rote001/git/diags-CMEMS-on-jean-zay/Profiles-EN4/script_profi: No such file or directory
sh: /gpfswork/rech/egi/rote001/git/diags-CMEMS-on-jean-zay/Profiles-EN4/script_profi: No such file or directory
sh: /gpfswork/rech/egi/rote001/git/diags-CMEMS-on-jean-zay/Profiles-EN4/script_profi: No such file or directory
sh: /gpfswork/rech/egi/rote001/git/diags-CMEMS-on-jean-zay/Profiles-EN4/script_profi: No such file or directory
sh: /gpfswork/rech/egi/rote001/git/diags-CMEMS-on-jean-zay/Profiles-EN4/script_profi: No such file or directory
sh: /gpfswork/rech/egi/rote001/git/diags-CMEMS-on-jean-zay/Profiles-EN4/script_profi: No such file or directory
sh: /gpfswork/rech/egi/rote001/git/diags-CMEMS-on-jean-zay/Profiles-EN4/script_profi: No such file or directory
sh: /gpfswork/rech/egi/rote001/git/diags-CMEMS-on-jean-zay/Profiles-EN4/script_profi: No such file or directory
sh: /gpfswork/rech/egi/rote001/git/diags-CMEMS-on-jean-zay/Profiles-EN4/script_profi: No such file or directory
sh: /gpfswork/rech/egi/rote001/git/diags-CMEMS-on-jean-zay/Profiles-EN4/script_profi: No such file or directory
sh: /gpfswork/rech/egi/rote001/git/diags-CMEMS-on-jean-zay/Profiles-EN4/script_profi: No such file or directory
sh: /gpfswork/rech/egi/rote001/git/diags-CMEMS-on-jean-zay/Profiles-EN4/script_profi: No such file or directory
sh: /gpfswork/rech/egi/rote001/git/diags-CMEMS-on-jean-zay/Profiles-EN4/script_profi: No such file or directory
sh: /gpfswork/rech/egi/rote001/git/diags-CMEMS-on-jean-zay/Profiles-EN4/script_profi: No such file or directory
sh: /gpfswork/rech/egi/rote001/git/diags-CMEMS-on-jean-zay/Profiles-EN4/script_profi: No such file or directory
sh: /gpfswork/rech/egi/rote001/git/diags-CMEMS-on-jean-zay/Profiles-EN4/script_profi: No such file or directory
sh: /gpfswork/rech/egi/rote001/git/diags-CMEMS-on-jean-zay/Profiles-EN4/script_profi: No such file or directory
sh: /gpfswork/rech/egi/rote001/git/diags-CMEMS-on-jean-zay/Profiles-EN4/script_profi: No such file or directory
sh: /gpfswork/rech/egi/rote001/git/diags-CMEMS-on-jean-zay/Profiles-EN4/script_profi: No such file or directory
sh: /gpfswork/rech/egi/rote001/git/diags-CMEMS-on-jean-zay/Profiles-EN4/script_profi: No such file or directory
sh: /gpfswork/rech/egi/rote001/git/diags-CMEMS-on-jean-zay/Profiles-EN4/script_profi: No such file or directory
sh: /gpfswork/rech/egi/rote001/git/diags-CMEMS-on-jean-zay/Profiles-EN4/script_profi: No such file or directory
sh: /gpfswork/rech/egi/rote001/git/diags-CMEMS-on-jean-zay/Profiles-EN4/script_profi: No such file or directory
sh: /gpfswork/rech/egi/rote001/git/diags-CMEMS-on-jean-zay/Profiles-EN4/script_profi: No such file or directory
sh: /gpfswork/rech/egi/rote001/git/diags-CMEMS-on-jean-zay/Profiles-EN4/script_profi: No such file or directory
sh: /gpfswork/rech/egi/rote001/git/diags-CMEMS-on-jean-zay/Profiles-EN4/script_profi: No such file or directory
sh: /gpfswork/rech/egi/rote001/git/diags-CMEMS-on-jean-zay/Profiles-EN4/script_profi: No such file or directory
sh: /gpfswork/rech/egi/rote001/git/diags-CMEMS-on-jean-zay/Profiles-EN4/script_profi: No such file or directory
sh: /gpfswork/rech/egi/rote001/git/diags-CMEMS-on-jean-zay/Profiles-EN4/script_profi: No such file or directory
sh: /gpfswork/rech/egi/rote001/git/diags-CMEMS-on-jean-zay/Profiles-EN4/script_profi: No such file or directory
sh: /gpfswork/rech/egi/rote001/git/diags-CMEMS-on-jean-zay/Profiles-EN4/script_profi: No such file or directory
sh: /gpfswork/rech/egi/rote001/git/diags-CMEMS-on-jean-zay/Profiles-EN4/script_profi: No such file or directory
sh: /gpfswork/rech/egi/rote001/git/diags-CMEMS-on-jean-zay/Profiles-EN4/script_profi: No such file or directory
sh: /gpfswork/rech/egi/rote001/git/diags-CMEMS-on-jean-zay/Profiles-EN4/script_profi: No such file or directory
sh: /gpfswork/rech/egi/rote001/git/diags-CMEMS-on-jean-zay/Profiles-EN4/script_profi: No such file or directory
sh: /gpfswork/rech/egi/rote001/git/diags-CMEMS-on-jean-zay/Profiles-EN4/script_profi: No such file or directory
sh: /gpfswork/rech/egi/rote001/git/diags-CMEMS-on-jean-zay/Profiles-EN4/script_profi: No such file or directory
sh: /gpfswork/rech/egi/rote001/git/diags-CMEMS-on-jean-zay/Profiles-EN4/script_profi: No such file or directory
sh: /gpfswork/rech/egi/rote001/git/diags-CMEMS-on-jean-zay/Profiles-EN4/script_profi: No such file or directory
sh: /gpfswork/rech/egi/rote001/git/diags-CMEMS-on-jean-zay/Profiles-EN4/script_profi: No such file or directory
sh: /gpfswork/rech/egi/rote001/git/diags-CMEMS-on-jean-zay/Profiles-EN4/script_profi: No such file or directory
sh: /gpfswork/rech/egi/rote001/git/diags-CMEMS-on-jean-zay/Profiles-EN4/script_profi: No such file or directory
sh: /gpfswork/rech/egi/rote001/git/diags-CMEMS-on-jean-zay/Profiles-EN4/script_profi: No such file or directory
sh: /gpfswork/rech/egi/rote001/git/diags-CMEMS-on-jean-zay/Profiles-EN4/script_profi: No such file or directory
sh: /gpfswork/rech/egi/rote001/git/diags-CMEMS-on-jean-zay/Profiles-EN4/script_profi: No such file or directory
sh: /gpfswork/rech/egi/rote001/git/diags-CMEMS-on-jean-zay/Profiles-EN4/script_profi: No such file or directory
sh: /gpfswork/rech/egi/rote001/git/diags-CMEMS-on-jean-zay/Profiles-EN4/script_profi: No such file or directory
sh: /gpfswork/rech/egi/rote001/git/diags-CMEMS-on-jean-zay/Profiles-EN4/script_profi: No such file or directory
sh: /gpfswork/rech/egi/rote001/git/diags-CMEMS-on-jean-zay/Profiles-EN4/script_profi: No such file or directory
sh: /gpfswork/rech/egi/rote001/git/diags-CMEMS-on-jean-zay/Profiles-EN4/script_profi: No such file or directory
sh: /gpfswork/rech/egi/rote001/git/diags-CMEMS-on-jean-zay/Profiles-EN4/script_profi: No such file or directory
sh: /gpfswork/rech/egi/rote001/git/diags-CMEMS-on-jean-zay/Profiles-EN4/script_profi: No such file or directory
sh: /gpfswork/rech/egi/rote001/git/diags-CMEMS-on-jean-zay/Profiles-EN4/script_profi: No such file or directory
sh: /gpfswork/rech/egi/rote001/git/diags-CMEMS-on-jean-zay/Profiles-EN4/script_profi: No such file or directory
sh: /gpfswork/rech/egi/rote001/git/diags-CMEMS-on-jean-zay/Profiles-EN4/script_profi: No such file or directory
sh: /gpfswork/rech/egi/rote001/git/diags-CMEMS-on-jean-zay/Profiles-EN4/script_profi: No such file or directory
sh: /gpfswork/rech/egi/rote001/git/diags-CMEMS-on-jean-zay/Profiles-EN4/script_profi: No such file or directory
sh: /gpfswork/rech/egi/rote001/git/diags-CMEMS-on-jean-zay/Profiles-EN4/script_profi: No such file or directory
sh: /gpfswork/rech/egi/rote001/git/diags-CMEMS-on-jean-zay/Profiles-EN4/script_profi: No such file or directory
sh: /gpfswork/rech/egi/rote001/git/diags-CMEMS-on-jean-zay/Profiles-EN4/script_profi: No such file or directory
sh: /gpfswork/rech/egi/rote001/git/diags-CMEMS-on-jean-zay/Profiles-EN4/script_profi: No such file or directory
sh: /gpfswork/rech/egi/rote001/git/diags-CMEMS-on-jean-zay/Profiles-EN4/script_profi: No such file or directory
sh: /gpfswork/rech/egi/rote001/git/diags-CMEMS-on-jean-zay/Profiles-EN4/script_profi: No such file or directory
sh: /gpfswork/rech/egi/rote001/git/diags-CMEMS-on-jean-zay/Profiles-EN4/script_profi: No such file or directory
 RANK =          130 NTASK=          145  cmd : 
 /gpfswork/rech/egi/rote001/git/diags-CMEMS-on-jean-zay/Profiles-EN4/script_prof
 i
 RANK =          142 NTASK=          145  cmd : 
 /gpfswork/rech/egi/rote001/git/diags-CMEMS-on-jean-zay/Profiles-EN4/script_prof
 i
 RANK =           98 NTASK=          145  cmd : 
 /gpfswork/rech/egi/rote001/git/diags-CMEMS-on-jean-zay/Profiles-EN4/script_prof
 i
 RANK =           70 NTASK=          145  cmd : 
 /gpfswork/rech/egi/rote001/git/diags-CMEMS-on-jean-zay/Profiles-EN4/script_prof
 i
 RANK =          134 NTASK=          145  cmd : 
 /gpfswork/rech/egi/rote001/git/diags-CMEMS-on-jean-zay/Profiles-EN4/script_prof
 i
 RANK =           94 NTASK=          145  cmd : 
 /gpfswork/rech/egi/rote001/git/diags-CMEMS-on-jean-zay/Profiles-EN4/script_prof
 i
 RANK =          114 NTASK=          145  cmd : 
 /gpfswork/rech/egi/rote001/git/diags-CMEMS-on-jean-zay/Profiles-EN4/script_prof
 i
 RANK =          106 NTASK=          145  cmd : 
 /gpfswork/rech/egi/rote001/git/diags-CMEMS-on-jean-zay/Profiles-EN4/script_prof
 i
 RANK =           14 NTASK=          145  cmd : 
 /gpfswork/rech/egi/rote001/git/diags-CMEMS-on-jean-zay/Profiles-EN4/script_prof
 i
 RANK =           38 NTASK=          145  cmd : 
 /gpfswork/rech/egi/rote001/git/diags-CMEMS-on-jean-zay/Profiles-EN4/script_prof
 i
 RANK =            6 NTASK=          145  cmd : 
 /gpfswork/rech/egi/rote001/git/diags-CMEMS-on-jean-zay/Profiles-EN4/script_prof
 i
 RANK =           42 NTASK=          145  cmd : 
 /gpfswork/rech/egi/rote001/git/diags-CMEMS-on-jean-zay/Profiles-EN4/script_prof
 i
 RANK =           90 NTASK=          145  cmd : 
 /gpfswork/rech/egi/rote001/git/diags-CMEMS-on-jean-zay/Profiles-EN4/script_prof
 i
 RANK =          118 NTASK=          145  cmd : 
 /gpfswork/rech/egi/rote001/git/diags-CMEMS-on-jean-zay/Profiles-EN4/script_prof
 i
 RANK =          122 NTASK=          145  cmd : 
 /gpfswork/rech/egi/rote001/git/diags-CMEMS-on-jean-zay/Profiles-EN4/script_prof
 i
sh: /gpfswork/rech/egi/rote001/git/diags-CMEMS-on-jean-zay/Profiles-EN4/script_profi: No such file or directory
 RANK =           22 NTASK=          145  cmd : 
 /gpfswork/rech/egi/rote001/git/diags-CMEMS-on-jean-zay/Profiles-EN4/script_prof
 i
sh: /gpfswork/rech/egi/rote001/git/diags-CMEMS-on-jean-zay/Profiles-EN4/script_profi: No such file or directory
 RANK =           34 NTASK=          145  cmd : 
 /gpfswork/rech/egi/rote001/git/diags-CMEMS-on-jean-zay/Profiles-EN4/script_prof
 i
 RANK =           46 NTASK=          145  cmd : 
 /gpfswork/rech/egi/rote001/git/diags-CMEMS-on-jean-zay/Profiles-EN4/script_prof
 i
 RANK =           50 NTASK=          145  cmd : 
 /gpfswork/rech/egi/rote001/git/diags-CMEMS-on-jean-zay/Profiles-EN4/script_prof
 i
 RANK =           54 NTASK=          145  cmd : 
 /gpfswork/rech/egi/rote001/git/diags-CMEMS-on-jean-zay/Profiles-EN4/script_prof
 i
 RANK =           66 NTASK=          145  cmd : 
 /gpfswork/rech/egi/rote001/git/diags-CMEMS-on-jean-zay/Profiles-EN4/script_prof
 i
 RANK =           74 NTASK=          145  cmd : 
 /gpfswork/rech/egi/rote001/git/diags-CMEMS-on-jean-zay/Profiles-EN4/script_prof
 i
 RANK =           78 NTASK=          145  cmd : 
 /gpfswork/rech/egi/rote001/git/diags-CMEMS-on-jean-zay/Profiles-EN4/script_prof
 i
 RANK =          110 NTASK=          145  cmd : 
 /gpfswork/rech/egi/rote001/git/diags-CMEMS-on-jean-zay/Profiles-EN4/script_prof
 i
 RANK =          126 NTASK=          145  cmd : 
 /gpfswork/rech/egi/rote001/git/diags-CMEMS-on-jean-zay/Profiles-EN4/script_prof
 i
 RANK =            2 NTASK=          145  cmd : 
 /gpfswork/rech/egi/rote001/git/diags-CMEMS-on-jean-zay/Profiles-EN4/script_prof
 i
 RANK =           10 NTASK=          145  cmd : 
 /gpfswork/rech/egi/rote001/git/diags-CMEMS-on-jean-zay/Profiles-EN4/script_prof
 i
 RANK =           58 NTASK=          145  cmd : 
 /gpfswork/rech/egi/rote001/git/diags-CMEMS-on-jean-zay/Profiles-EN4/script_prof
 i
 RANK =           62 NTASK=          145  cmd : 
 /gpfswork/rech/egi/rote001/git/diags-CMEMS-on-jean-zay/Profiles-EN4/script_prof
 i
 RANK =           86 NTASK=          145  cmd : 
 /gpfswork/rech/egi/rote001/git/diags-CMEMS-on-jean-zay/Profiles-EN4/script_prof
 i
 RANK =          138 NTASK=          145  cmd : 
 /gpfswork/rech/egi/rote001/git/diags-CMEMS-on-jean-zay/Profiles-EN4/script_prof
 i
 RANK =          102 NTASK=          145  cmd : 
 /gpfswork/rech/egi/rote001/git/diags-CMEMS-on-jean-zay/Profiles-EN4/script_prof
 i
 RANK =           30 NTASK=          145  cmd : 
 /gpfswork/rech/egi/rote001/git/diags-CMEMS-on-jean-zay/Profiles-EN4/script_prof
 i
 RANK =           18 NTASK=          145  cmd : 
 /gpfswork/rech/egi/rote001/git/diags-CMEMS-on-jean-zay/Profiles-EN4/script_prof
 i
 RANK =           26 NTASK=          145  cmd : 
 /gpfswork/rech/egi/rote001/git/diags-CMEMS-on-jean-zay/Profiles-EN4/script_prof
 i
sh: /gpfswork/rech/egi/rote001/git/diags-CMEMS-on-jean-zay/Profiles-EN4/script_profi: No such file or directory
sh: /gpfswork/rech/egi/rote001/git/diags-CMEMS-on-jean-zay/Profiles-EN4/script_profi: No such file or directory
sh: /gpfswork/rech/egi/rote001/git/diags-CMEMS-on-jean-zay/Profiles-EN4/script_profi: No such file or directory
sh: /gpfswork/rech/egi/rote001/git/diags-CMEMS-on-jean-zay/Profiles-EN4/script_profi: No such file or directory
sh: /gpfswork/rech/egi/rote001/git/diags-CMEMS-on-jean-zay/Profiles-EN4/script_profi: No such file or directory
sh: /gpfswork/rech/egi/rote001/git/diags-CMEMS-on-jean-zay/Profiles-EN4/script_profi: No such file or directory
sh: /gpfswork/rech/egi/rote001/git/diags-CMEMS-on-jean-zay/Profiles-EN4/script_profi: No such file or directory
sh: /gpfswork/rech/egi/rote001/git/diags-CMEMS-on-jean-zay/Profiles-EN4/script_profi: No such file or directory
sh: /gpfswork/rech/egi/rote001/git/diags-CMEMS-on-jean-zay/Profiles-EN4/script_profi: No such file or directory
sh: /gpfswork/rech/egi/rote001/git/diags-CMEMS-on-jean-zay/Profiles-EN4/script_profi: No such file or directory
sh: /gpfswork/rech/egi/rote001/git/diags-CMEMS-on-jean-zay/Profiles-EN4/script_profi: No such file or directory
sh: /gpfswork/rech/egi/rote001/git/diags-CMEMS-on-jean-zay/Profiles-EN4/script_profi: No such file or directory
sh: /gpfswork/rech/egi/rote001/git/diags-CMEMS-on-jean-zay/Profiles-EN4/script_profi: No such file or directory
sh: /gpfswork/rech/egi/rote001/git/diags-CMEMS-on-jean-zay/Profiles-EN4/script_profi: No such file or directory
sh: /gpfswork/rech/egi/rote001/git/diags-CMEMS-on-jean-zay/Profiles-EN4/script_profi: No such file or directory
sh: /gpfswork/rech/egi/rote001/git/diags-CMEMS-on-jean-zay/Profiles-EN4/script_profi: No such file or directory
sh: /gpfswork/rech/egi/rote001/git/diags-CMEMS-on-jean-zay/Profiles-EN4/script_profi: No such file or directory
sh: /gpfswork/rech/egi/rote001/git/diags-CMEMS-on-jean-zay/Profiles-EN4/script_profi: No such file or directory
sh: /gpfswork/rech/egi/rote001/git/diags-CMEMS-on-jean-zay/Profiles-EN4/script_profi: No such file or directory
sh: /gpfswork/rech/egi/rote001/git/diags-CMEMS-on-jean-zay/Profiles-EN4/script_profi: No such file or directory
sh: /gpfswork/rech/egi/rote001/git/diags-CMEMS-on-jean-zay/Profiles-EN4/script_profi: No such file or directory
sh: /gpfswork/rech/egi/rote001/git/diags-CMEMS-on-jean-zay/Profiles-EN4/script_profi: No such file or directory
sh: /gpfswork/rech/egi/rote001/git/diags-CMEMS-on-jean-zay/Profiles-EN4/script_profi: No such file or directory
sh: /gpfswork/rech/egi/rote001/git/diags-CMEMS-on-jean-zay/Profiles-EN4/script_profi: No such file or directory
sh: /gpfswork/rech/egi/rote001/git/diags-CMEMS-on-jean-zay/Profiles-EN4/script_profi: No such file or directory
sh: /gpfswork/rech/egi/rote001/git/diags-CMEMS-on-jean-zay/Profiles-EN4/script_profi: No such file or directory
sh: /gpfswork/rech/egi/rote001/git/diags-CMEMS-on-jean-zay/Profiles-EN4/script_profi: No such file or directory
sh: /gpfswork/rech/egi/rote001/git/diags-CMEMS-on-jean-zay/Profiles-EN4/script_profi: No such file or directory
sh: /gpfswork/rech/egi/rote001/git/diags-CMEMS-on-jean-zay/Profiles-EN4/script_profi: No such file or directory
sh: /gpfswork/rech/egi/rote001/git/diags-CMEMS-on-jean-zay/Profiles-EN4/script_profi: No such file or directory
sh: /gpfswork/rech/egi/rote001/git/diags-CMEMS-on-jean-zay/Profiles-EN4/script_profi: No such file or directory
sh: /gpfswork/rech/egi/rote001/git/diags-CMEMS-on-jean-zay/Profiles-EN4/script_profi: No such file or directory
sh: /gpfswork/rech/egi/rote001/git/diags-CMEMS-on-jean-zay/Profiles-EN4/script_profi: No such file or directory
sh: /gpfswork/rech/egi/rote001/git/diags-CMEMS-on-jean-zay/Profiles-EN4/script_profi: No such file or directory
sh: /gpfswork/rech/egi/rote001/git/diags-CMEMS-on-jean-zay/Profiles-EN4/script_profi: No such file or directory
sh: /gpfswork/rech/egi/rote001/git/diags-CMEMS-on-jean-zay/Profiles-EN4/script_profi: No such file or directory
sh: /gpfswork/rech/egi/rote001/git/diags-CMEMS-on-jean-zay/Profiles-EN4/script_profi: No such file or directory
sh: /gpfswork/rech/egi/rote001/git/diags-CMEMS-on-jean-zay/Profiles-EN4/script_profi: No such file or directory
sh: /gpfswork/rech/egi/rote001/git/diags-CMEMS-on-jean-zay/Profiles-EN4/script_profi: No such file or directory
sh: /gpfswork/rech/egi/rote001/git/diags-CMEMS-on-jean-zay/Profiles-EN4/script_profi: No such file or directory
